2020-01-09 13:41:04,129 [Worker-4: Loading available Gradle versions] INFO  o.e.b.c.i.u.g.PublishedGradleVersions - Gradle version information cache is out-of-date. Trying to update.
2020-01-09 13:58:52,760 [Worker-7: Loading available Gradle versions] INFO  o.e.b.c.i.u.g.PublishedGradleVersions - Gradle version information cache is up-to-date. Trying to read.
2020-01-09 14:00:59,951 [Worker-3: Loading available Gradle versions] INFO  o.e.b.c.i.u.g.PublishedGradleVersions - Gradle version information cache is up-to-date. Trying to read.
2020-01-15 11:26:17,180 [Worker-0: Loading available Gradle versions] INFO  o.e.b.c.i.u.g.PublishedGradleVersions - Gradle version information cache is out-of-date. Trying to update.
2020-01-15 11:29:57,389 [Worker-5: Auto share git projects] WARN  org.eclipse.jgit.util.FS - Cannot run program "git" (in directory "\usr\bin"): CreateProcess error=2, The system cannot find the file specified
2020-01-15 14:04:49,818 [main] WARN  org.eclipse.jgit.util.FS - Cannot run program "git" (in directory "\usr\bin"): CreateProcess error=2, The system cannot find the file specified
2020-01-15 14:05:04,455 [Worker-4: Loading available Gradle versions] INFO  o.e.b.c.i.u.g.PublishedGradleVersions - Gradle version information cache is up-to-date. Trying to read.
2020-01-17 09:58:39,819 [main] WARN  org.eclipse.jgit.util.FS - Cannot run program "git" (in directory "\usr\bin"): CreateProcess error=2, The system cannot find the file specified
2020-01-17 10:16:21,588 [Worker-16: Loading available Gradle versions] INFO  o.e.b.c.i.u.g.PublishedGradleVersions - Gradle version information cache is out-of-date. Trying to update.
2020-01-17 12:07:42,855 [Worker-0: Loading available Gradle versions] INFO  o.e.b.c.i.u.g.PublishedGradleVersions - Gradle version information cache is up-to-date. Trying to read.
2020-01-17 12:10:16,702 [main] WARN  org.eclipse.jgit.util.FS - Cannot run program "git" (in directory "\usr\bin"): CreateProcess error=2, The system cannot find the file specified
2020-01-17 13:04:08,902 [Worker-2: Loading available Gradle versions] INFO  o.e.b.c.i.u.g.PublishedGradleVersions - Gradle version information cache is up-to-date. Trying to read.
2020-01-17 13:04:12,913 [Worker-4: Decoration Calculation] WARN  org.eclipse.jgit.util.FS - Cannot run program "git" (in directory "\usr\bin"): CreateProcess error=2, The system cannot find the file specified
2020-01-17 13:09:41,408 [Worker-2: Loading available Gradle versions] INFO  o.e.b.c.i.u.g.PublishedGradleVersions - Gradle version information cache is up-to-date. Trying to read.
2020-01-17 13:09:43,413 [Worker-3: Decoration Calculation] WARN  org.eclipse.jgit.util.FS - Cannot run program "git" (in directory "\usr\bin"): CreateProcess error=2, The system cannot find the file specified
2020-01-22 11:02:32,345 [Worker-4: Loading available Gradle versions] INFO  o.e.b.c.i.u.g.PublishedGradleVersions - Gradle version information cache is out-of-date. Trying to update.
2020-01-22 11:02:37,710 [Worker-6: Decoration Calculation] WARN  org.eclipse.jgit.util.FS - Cannot run program "git" (in directory "\usr\bin"): CreateProcess error=2, The system cannot find the file specified
2020-01-24 09:26:17,084 [Worker-4: Loading available Gradle versions] INFO  o.e.b.c.i.u.g.PublishedGradleVersions - Gradle version information cache is out-of-date. Trying to update.
2020-01-24 09:26:23,620 [Worker-0: Decoration Calculation] WARN  org.eclipse.jgit.util.FS - Cannot run program "git" (in directory "\usr\bin"): CreateProcess error=2, The system cannot find the file specified
2020-01-26 19:27:10,864 [Worker-2: Loading available Gradle versions] INFO  o.e.b.c.i.u.g.PublishedGradleVersions - Gradle version information cache is out-of-date. Trying to update.
2020-01-26 19:27:16,459 [Worker-1: Decoration Calculation] WARN  org.eclipse.jgit.util.FS - Cannot run program "git" (in directory "\usr\bin"): CreateProcess error=2, The system cannot find the file specified
2020-02-05 07:17:29,348 [Worker-4: Loading available Gradle versions] INFO  o.e.b.c.i.u.g.PublishedGradleVersions - Gradle version information cache is out-of-date. Trying to update.
2020-02-05 07:17:37,926 [Worker-3: Decoration Calculation] WARN  org.eclipse.jgit.util.FS - Cannot run program "git" (in directory "\usr\bin"): CreateProcess error=2, The system cannot find the file specified
